<?xml version="1.0" encoding="UTF-8"?>
<!-- Generated by org.testng.reporters.JUnitXMLReporter -->
<testsuite hostname="rufeiwang-PC" name="AutoTest" tests="17" failures="0" timestamp="23 Apr 2019 10:25:59 GMT" time="13.096" errors="0">
  <testcase name="saleTest" time="2.577" classname="com.auto.refine.autotest.SaleAutoTest"/>
  <testcase name="salePreset" time="0.701" classname="com.auto.refine.autotest.RefundAutoTest"/>
  <testcase name="refundTest" time="1.792" classname="com.auto.refine.autotest.RefundAutoTest"/>
  <testcase name="authTest" time="0.679" classname="com.auto.refine.autotest.AuthAutoTest"/>
  <testcase name="authPreset" time="0.709" classname="com.auto.refine.autotest.VoidAutoTest"/>
  <testcase name="voidTest" time="0.453" classname="com.auto.refine.autotest.VoidAutoTest"/>
  <testcase name="authPreset" time="0.76" classname="com.auto.refine.autotest.CaptureAutoTest"/>
  <testcase name="captureTest" time="0.746" classname="com.auto.refine.autotest.CaptureAutoTest"/>
  <testcase name="createTokenTest" time="0.543" classname="com.auto.refine.autotest.CreateTokenAutoTest"/>
  <testcase name="createTokenPreset" time="0.525" classname="com.auto.refine.autotest.TokenSaleAutoTest"/>
  <testcase name="tokenSaleTest" time="0.615" classname="com.auto.refine.autotest.TokenSaleAutoTest"/>
  <testcase name="createTokenPreset" time="0.58" classname="com.auto.refine.autotest.TokenAuthAutoTest"/>
  <testcase name="tokenAuthTest" time="0.475" classname="com.auto.refine.autotest.TokenAuthAutoTest"/>
  <testcase name="createTokenPreset" time="0.493" classname="com.auto.refine.autotest.TokenCancelAutoTest"/>
  <testcase name="tokenCancelTest" time="0.235" classname="com.auto.refine.autotest.TokenCancelAutoTest"/>
  <testcase name="createTokenSaleTest" time="0.544" classname="com.auto.refine.autotest.CreateTokenSaleAutoTest"/>
  <testcase name="createTokenSaleTest" time="0.636" classname="com.auto.refine.autotest.CreateTokenAuthAutoTest"/>
</testsuite> <!-- AutoTest -->
